<?xml version="1.0" encoding="UTF-8"?>
<!-- Generated by org.testng.reporters.JUnitXMLReporter -->
<testsuite hostname="shreerajeevi" name="Default test" tests="3" failures="0" timestamp="8 May 2020 13:49:28 GMT" time="52.186" errors="0">
  <testcase name="verifylogin" time="3.464" classname="seleniumframe.annot"/>
  <testcase name="verifylogin" time="2.478" classname="seleniumframe.annot"/>
  <testcase name="verifylogin" time="2.571" classname="seleniumframe.annot"/>
</testsuite> <!-- Default test -->
