<?xml version="1.0" encoding="UTF-8"?>
<testng-results skipped="0" failed="0" total="1" passed="1">
  <reporter-output>
  </reporter-output>
  <suite name="Suite" duration-ms="28814" started-at="2020-05-09T11:42:52Z" finished-at="2020-05-09T11:43:20Z">
    <groups>
    </groups>
    <test name="Test" duration-ms="28814" started-at="2020-05-09T11:42:52Z" finished-at="2020-05-09T11:43:20Z">
      <class name="seleniumframe.Shiva">
        <test-method status="PASS" signature="launchBrowser()[pri:0, instance:seleniumframe.Shiva@75bd9247]" name="launchBrowser" is-config="true" duration-ms="19909" started-at="2020-05-09T17:12:52Z" finished-at="2020-05-09T17:13:11Z">
          <reporter-output>
          </reporter-output>
        </test-method> <!-- launchBrowser -->
        <test-method status="PASS" signature="verifylogin(java.lang.String, java.lang.String)[pri:0, instance:seleniumframe.Shiva@75bd9247]" name="verifylogin" duration-ms="8852" started-at="2020-05-09T17:13:11Z" finished-at="2020-05-09T17:13:20Z">
          <params>
            <param index="0">
              <value>
                <![CDATA[Admin]]>
              </value>
            </param>
            <param index="1">
              <value>
                <![CDATA[admin123]]>
              </value>
            </param>
          </params>
          <reporter-output>
          </reporter-output>
        </test-method> <!-- verifylogin -->
      </class> <!-- seleniumframe.Shiva -->
    </test> <!-- Test -->
  </suite> <!-- Suite -->
</testng-results>
